<?xml version="1.0" encoding="UTF-8"?>
<testng-results ignored="0" total="1" passed="1" failed="0" skipped="0">
  <reporter-output>
  </reporter-output>
  <suite started-at="2023-03-30T13:58:41Z" name="Default suite" finished-at="2023-03-30T13:58:44Z" duration-ms="3191">
    <groups>
    </groups>
    <test started-at="2023-03-30T13:58:41Z" name="Default test" finished-at="2023-03-30T13:58:44Z" duration-ms="3191">
      <class name="assinments.Assign2">
        <test-method signature="get()[pri:0, instance:assinments.Assign2@793f29ff]" started-at="2023-03-30T13:58:41Z" name="get" finished-at="2023-03-30T13:58:44Z" duration-ms="3165" status="PASS">
          <reporter-output>
          </reporter-output>
        </test-method> <!-- get -->
      </class> <!-- assinments.Assign2 -->
    </test> <!-- Default test -->
  </suite> <!-- Default suite -->
</testng-results>
